TN:
SF:src\server.ts
FN:23,(anonymous_1)
FN:27,(anonymous_2)
FN:29,(anonymous_3)
FN:33,(anonymous_4)
FNF:4
FNH:2
FNDA:1,(anonymous_1)
FNDA:1,(anonymous_2)
FNDA:0,(anonymous_3)
FNDA:0,(anonymous_4)
DA:1,1
DA:2,1
DA:3,1
DA:4,1
DA:5,1
DA:6,1
DA:8,1
DA:10,1
DA:12,1
DA:13,1
DA:14,1
DA:17,1
DA:19,1
DA:22,1
DA:24,1
DA:27,1
DA:30,0
DA:33,1
DA:34,0
LF:19
LH:17
BRDA:19,0,0,1
BRDA:19,0,1,1
BRF:2
BRH:2
end_of_record
TN:
SF:src\config\data-source.ts
FNF:0
FNH:0
DA:1,1
DA:2,1
DA:3,1
DA:4,1
DA:5,1
DA:6,1
DA:7,1
DA:8,1
DA:10,1
DA:12,1
LF:10
LH:10
BRDA:14,0,0,1
BRDA:14,0,1,1
BRDA:15,1,0,1
BRDA:15,1,1,1
BRDA:16,2,0,1
BRDA:16,2,1,1
BRDA:17,3,0,1
BRDA:17,3,1,1
BRDA:18,4,0,1
BRDA:18,4,1,1
BRF:10
BRH:10
end_of_record
TN:
SF:src\controllers\userControllers.ts
FN:5,(anonymous_0)
FN:28,(anonymous_1)
FNF:2
FNH:2
FNDA:6,(anonymous_0)
FNDA:7,(anonymous_1)
DA:2,1
DA:5,1
DA:6,6
DA:7,6
DA:8,0
DA:13,6
DA:14,6
DA:15,4
DA:18,2
DA:20,2
DA:21,1
DA:23,1
DA:28,1
DA:29,7
DA:31,7
DA:32,0
DA:37,7
DA:40,7
DA:43,4
DA:46,3
DA:49,3
DA:50,1
DA:51,2
DA:52,2
DA:54,0
LF:25
LH:22
BRDA:7,0,0,0
BRDA:7,0,1,6
BRDA:7,1,0,6
BRDA:7,1,1,6
BRDA:18,2,0,2
BRDA:18,2,1,0
BRDA:20,3,0,1
BRDA:20,3,1,1
BRDA:31,4,0,0
BRDA:31,4,1,7
BRDA:31,5,0,7
BRDA:31,5,1,7
BRDA:46,6,0,3
BRDA:46,6,1,0
BRDA:49,7,0,1
BRDA:49,7,1,2
BRDA:49,8,0,3
BRDA:49,8,1,3
BRDA:51,9,0,2
BRDA:51,9,1,0
BRF:20
BRH:15
end_of_record
TN:
SF:src\entities\Book.ts
FN:22,(anonymous_2)
FN:22,(anonymous_3)
FN:25,(anonymous_4)
FN:25,(anonymous_5)
FNF:4
FNH:4
FNDA:2,(anonymous_2)
FNDA:2,(anonymous_3)
FNDA:2,(anonymous_4)
FNDA:2,(anonymous_5)
DA:1,1
DA:2,1
DA:3,1
DA:6,1
DA:8,1
DA:11,1
DA:14,1
DA:17,1
DA:20,1
DA:22,2
DA:23,1
DA:25,2
DA:26,1
LF:13
LH:13
BRF:0
BRH:0
end_of_record
TN:
SF:src\entities\Cart.ts
FN:10,(anonymous_2)
FN:10,(anonymous_3)
FN:13,(anonymous_4)
FN:13,(anonymous_5)
FNF:4
FNH:4
FNDA:2,(anonymous_2)
FNDA:2,(anonymous_3)
FNDA:2,(anonymous_4)
FNDA:2,(anonymous_5)
DA:1,1
DA:2,1
DA:3,1
DA:6,1
DA:8,1
DA:10,2
DA:11,1
DA:13,2
DA:14,1
DA:17,1
DA:20,1
DA:23,1
LF:12
LH:12
BRF:0
BRH:0
end_of_record
TN:
SF:src\entities\Order.ts
FN:18,(anonymous_2)
FN:18,(anonymous_3)
FN:21,(anonymous_4)
FN:21,(anonymous_5)
FNF:4
FNH:4
FNDA:2,(anonymous_2)
FNDA:2,(anonymous_3)
FNDA:2,(anonymous_4)
FNDA:2,(anonymous_5)
DA:1,1
DA:9,1
DA:10,1
DA:11,1
DA:14,1
DA:16,1
DA:18,2
DA:19,1
DA:21,2
DA:24,1
DA:31,1
DA:34,1
LF:12
LH:12
BRF:0
BRH:0
end_of_record
TN:
SF:src\entities\OrderItem.ts
FN:12,(anonymous_2)
FN:12,(anonymous_3)
FNF:2
FNH:2
FNDA:2,(anonymous_2)
FNDA:2,(anonymous_3)
DA:1,1
DA:2,1
DA:5,1
DA:7,1
DA:10,1
DA:12,2
DA:13,1
DA:16,1
DA:19,1
LF:9
LH:9
BRF:0
BRH:0
end_of_record
TN:
SF:src\entities\User.ts
FN:49,(anonymous_2)
FN:49,(anonymous_3)
FN:52,(anonymous_4)
FN:52,(anonymous_5)
FNF:4
FNH:4
FNDA:2,(anonymous_2)
FNDA:2,(anonymous_3)
FNDA:2,(anonymous_4)
FNDA:2,(anonymous_5)
DA:1,1
DA:9,1
DA:10,1
DA:11,1
DA:14,1
DA:16,1
DA:19,1
DA:22,1
DA:25,1
DA:28,1
DA:31,1
DA:34,1
DA:37,1
DA:40,1
DA:47,1
DA:49,2
DA:50,1
DA:52,2
DA:53,1
DA:56,1
DA:59,1
LF:21
LH:21
BRF:0
BRH:0
end_of_record
TN:
SF:src\enums\OrderStatus.ts
FN:1,(anonymous_0)
FNF:1
FNH:1
FNDA:1,(anonymous_0)
DA:1,1
DA:2,1
DA:3,1
DA:4,1
DA:5,1
LF:5
LH:5
BRDA:1,0,0,1
BRDA:1,0,1,1
BRF:2
BRH:2
end_of_record
TN:
SF:src\enums\UserRole.ts
FN:1,(anonymous_0)
FNF:1
FNH:1
FNDA:1,(anonymous_0)
DA:1,1
DA:2,1
DA:3,1
LF:3
LH:3
BRDA:1,0,0,1
BRDA:1,0,1,1
BRF:2
BRH:2
end_of_record
TN:
SF:src\middlewares\validateUser.ts
FN:3,(anonymous_0)
FN:63,(anonymous_1)
FNF:2
FNH:2
FNDA:5,(anonymous_0)
FNDA:7,(anonymous_1)
DA:3,1
DA:4,5
DA:16,5
DA:19,5
DA:20,5
DA:21,5
DA:22,0
DA:27,5
DA:28,0
DA:34,5
DA:35,0
DA:39,5
DA:40,5
DA:41,0
DA:44,5
DA:45,1
DA:46,1
DA:47,0
DA:53,5
DA:54,0
DA:55,5
DA:56,0
DA:57,5
DA:58,0
DA:60,5
DA:63,1
DA:64,7
DA:66,7
DA:69,7
DA:70,0
DA:72,7
DA:73,7
DA:74,1
DA:79,7
DA:80,0
DA:83,7
LF:36
LH:26
BRDA:19,0,0,5
BRDA:19,0,1,0
BRDA:21,1,0,0
BRDA:21,1,1,5
BRDA:27,2,0,0
BRDA:27,2,1,5
BRDA:27,3,0,5
BRDA:27,3,1,5
BRDA:34,4,0,0
BRDA:34,4,1,5
BRDA:34,5,0,5
BRDA:34,5,1,5
BRDA:34,5,2,5
BRDA:39,6,0,0
BRDA:39,6,1,5
BRDA:39,7,0,5
BRDA:39,7,1,5
BRDA:40,8,0,0
BRDA:40,8,1,5
BRDA:40,9,0,5
BRDA:40,9,1,5
BRDA:44,10,0,1
BRDA:44,10,1,4
BRDA:46,11,0,0
BRDA:46,11,1,1
BRDA:53,12,0,0
BRDA:53,12,1,5
BRDA:53,13,0,5
BRDA:53,13,1,1
BRDA:55,14,0,0
BRDA:55,14,1,5
BRDA:55,15,0,5
BRDA:55,15,1,1
BRDA:57,16,0,0
BRDA:57,16,1,5
BRDA:57,17,0,5
BRDA:57,17,1,1
BRDA:69,18,0,0
BRDA:69,18,1,7
BRDA:69,19,0,7
BRDA:69,19,1,7
BRDA:73,20,0,1
BRDA:73,20,1,6
BRDA:79,21,0,0
BRDA:79,21,1,7
BRDA:79,22,0,7
BRDA:79,22,1,7
BRF:47
BRH:35
end_of_record
TN:
SF:src\routes\userRoutes.ts
FNF:0
FNH:0
DA:1,1
DA:2,1
DA:4,1
DA:6,1
DA:7,1
DA:9,1
LF:6
LH:6
BRF:0
BRH:0
end_of_record
TN:
SF:src\services\userServices.ts
FN:7,(anonymous_1)
FN:17,(anonymous_2)
FN:56,(anonymous_3)
FNF:3
FNH:3
FNDA:6,(anonymous_1)
FNDA:30,(anonymous_2)
FNDA:7,(anonymous_3)
DA:2,1
DA:3,1
DA:4,1
DA:5,1
DA:7,1
DA:9,6
DA:16,6
DA:17,30
DA:20,6
DA:21,1
DA:27,5
DA:28,5
DA:29,0
DA:33,5
DA:34,5
DA:35,5
DA:38,4
DA:39,4
DA:50,4
DA:52,4
DA:53,4
DA:56,1
DA:58,7
DA:59,7
DA:60,1
DA:64,6
DA:65,6
DA:66,6
DA:69,6
DA:70,6
DA:73,4
DA:74,4
LF:32
LH:31
BRDA:17,0,0,30
BRDA:17,0,1,28
BRDA:17,0,2,28
BRDA:20,1,0,1
BRDA:20,1,1,5
BRDA:28,2,0,0
BRDA:28,2,1,5
BRDA:35,3,0,1
BRDA:35,3,1,4
BRDA:44,4,0,4
BRDA:44,4,1,3
BRDA:45,5,0,4
BRDA:45,5,1,3
BRDA:46,6,0,4
BRDA:46,6,1,3
BRDA:47,7,0,4
BRDA:47,7,1,3
BRDA:59,8,0,1
BRDA:59,8,1,6
BRDA:66,9,0,0
BRDA:66,9,1,6
BRDA:70,10,0,2
BRDA:70,10,1,4
BRF:23
BRH:21
end_of_record
