TN:
SF:src\server.ts
FN:26,(anonymous_1)
FN:30,(anonymous_2)
FN:32,(anonymous_3)
FN:36,(anonymous_4)
FNF:4
FNH:2
FNDA:1,(anonymous_1)
FNDA:1,(anonymous_2)
FNDA:0,(anonymous_3)
FNDA:0,(anonymous_4)
DA:1,1
DA:2,1
DA:3,1
DA:4,1
DA:5,1
DA:6,1
DA:7,1
DA:9,1
DA:11,1
DA:13,1
DA:14,1
DA:15,1
DA:18,1
DA:19,1
DA:22,1
DA:25,1
DA:27,1
DA:30,1
DA:33,0
DA:36,1
DA:37,0
LF:21
LH:19
BRDA:22,0,0,1
BRDA:22,0,1,1
BRF:2
BRH:2
end_of_record
TN:
SF:src\config\data-source.ts
FNF:0
FNH:0
DA:1,1
DA:2,1
DA:3,1
DA:4,1
DA:5,1
DA:6,1
DA:7,1
DA:8,1
DA:9,1
DA:11,1
DA:13,1
LF:11
LH:11
BRDA:15,0,0,1
BRDA:15,0,1,1
BRDA:16,1,0,1
BRDA:16,1,1,1
BRDA:17,2,0,1
BRDA:17,2,1,1
BRDA:18,3,0,1
BRDA:18,3,1,1
BRDA:19,4,0,1
BRDA:19,4,1,1
BRF:10
BRH:10
end_of_record
TN:
SF:src\controllers\books-controller.ts
FN:8,(anonymous_0)
FN:18,(anonymous_1)
FNF:2
FNH:0
FNDA:0,(anonymous_0)
FNDA:0,(anonymous_1)
DA:2,1
DA:3,1
DA:4,1
DA:5,1
DA:8,1
DA:9,0
DA:10,0
DA:11,0
DA:13,0
DA:18,1
DA:19,0
DA:21,0
DA:23,0
DA:24,0
DA:32,0
DA:33,0
DA:34,0
DA:35,0
DA:36,0
DA:43,0
DA:45,0
DA:52,0
DA:53,0
DA:55,0
LF:24
LH:6
BRDA:23,0,0,0
BRDA:23,0,1,0
BRDA:35,1,0,0
BRDA:35,1,1,0
BRDA:52,2,0,0
BRDA:52,2,1,0
BRDA:53,3,0,0
BRDA:53,3,1,0
BRF:8
BRH:0
end_of_record
TN:
SF:src\controllers\genres-controller.ts
FN:4,(anonymous_0)
FNF:1
FNH:0
FNDA:0,(anonymous_0)
DA:2,1
DA:4,1
DA:5,0
DA:6,0
DA:7,0
DA:9,0
DA:10,0
LF:7
LH:2
BRF:0
BRH:0
end_of_record
TN:
SF:src\controllers\userControllers.ts
FN:6,(anonymous_0)
FN:30,(anonymous_1)
FNF:2
FNH:2
FNDA:6,(anonymous_0)
FNDA:7,(anonymous_1)
DA:2,1
DA:6,1
DA:7,6
DA:8,6
DA:9,0
DA:14,6
DA:15,6
DA:16,4
DA:19,2
DA:21,2
DA:22,1
DA:24,1
DA:30,1
DA:31,7
DA:33,7
DA:34,0
DA:39,7
DA:42,7
DA:45,4
DA:48,3
DA:51,3
DA:52,1
DA:53,2
DA:54,2
DA:56,0
LF:25
LH:22
BRDA:8,0,0,0
BRDA:8,0,1,6
BRDA:8,1,0,6
BRDA:8,1,1,6
BRDA:19,2,0,2
BRDA:19,2,1,0
BRDA:21,3,0,1
BRDA:21,3,1,1
BRDA:33,4,0,0
BRDA:33,4,1,7
BRDA:33,5,0,7
BRDA:33,5,1,7
BRDA:48,6,0,3
BRDA:48,6,1,0
BRDA:51,7,0,1
BRDA:51,7,1,2
BRDA:51,8,0,3
BRDA:51,8,1,3
BRDA:53,9,0,2
BRDA:53,9,1,0
BRF:20
BRH:15
end_of_record
TN:
SF:src\entities\Book.ts
FN:34,(anonymous_2)
FN:34,(anonymous_3)
FN:37,(anonymous_4)
FN:37,(anonymous_5)
FNF:4
FNH:4
FNDA:2,(anonymous_2)
FNDA:2,(anonymous_3)
FNDA:2,(anonymous_4)
FNDA:2,(anonymous_5)
DA:1,1
DA:2,1
DA:3,1
DA:6,1
DA:8,1
DA:11,1
DA:14,1
DA:17,1
DA:20,1
DA:23,1
DA:26,1
DA:29,1
DA:32,1
DA:34,2
DA:35,1
DA:37,2
DA:38,1
LF:17
LH:17
BRF:0
BRH:0
end_of_record
TN:
SF:src\entities\Cart.ts
FN:10,(anonymous_2)
FN:10,(anonymous_3)
FN:13,(anonymous_4)
FN:13,(anonymous_5)
FNF:4
FNH:4
FNDA:2,(anonymous_2)
FNDA:2,(anonymous_3)
FNDA:2,(anonymous_4)
FNDA:2,(anonymous_5)
DA:1,1
DA:2,1
DA:3,1
DA:6,1
DA:8,1
DA:10,2
DA:11,1
DA:13,2
DA:14,1
DA:17,1
DA:20,1
DA:23,1
LF:12
LH:12
BRF:0
BRH:0
end_of_record
TN:
SF:src\entities\Genre.ts
FNF:0
FNH:0
DA:1,1
DA:4,1
DA:6,1
DA:10,1
LF:4
LH:4
BRF:0
BRH:0
end_of_record
TN:
SF:src\entities\Order.ts
FN:18,(anonymous_2)
FN:18,(anonymous_3)
FN:21,(anonymous_4)
FN:21,(anonymous_5)
FNF:4
FNH:4
FNDA:2,(anonymous_2)
FNDA:2,(anonymous_3)
FNDA:2,(anonymous_4)
FNDA:2,(anonymous_5)
DA:1,1
DA:9,1
DA:10,1
DA:11,1
DA:14,1
DA:16,1
DA:18,2
DA:19,1
DA:21,2
DA:24,1
DA:31,1
DA:34,1
LF:12
LH:12
BRF:0
BRH:0
end_of_record
TN:
SF:src\entities\OrderItem.ts
FN:12,(anonymous_2)
FN:12,(anonymous_3)
FNF:2
FNH:2
FNDA:2,(anonymous_2)
FNDA:2,(anonymous_3)
DA:1,1
DA:2,1
DA:5,1
DA:7,1
DA:10,1
DA:12,2
DA:13,1
DA:16,1
DA:19,1
LF:9
LH:9
BRF:0
BRH:0
end_of_record
TN:
SF:src\entities\User.ts
FN:49,(anonymous_2)
FN:49,(anonymous_3)
FN:52,(anonymous_4)
FN:52,(anonymous_5)
FNF:4
FNH:4
FNDA:2,(anonymous_2)
FNDA:2,(anonymous_3)
FNDA:2,(anonymous_4)
FNDA:2,(anonymous_5)
DA:1,1
DA:9,1
DA:10,1
DA:11,1
DA:14,1
DA:16,1
DA:19,1
DA:22,1
DA:25,1
DA:28,1
DA:31,1
DA:34,1
DA:37,1
DA:40,1
DA:47,1
DA:49,2
DA:50,1
DA:52,2
DA:53,1
DA:56,1
DA:59,1
LF:21
LH:21
BRF:0
BRH:0
end_of_record
TN:
SF:src\enums\OrderStatus.ts
FN:1,(anonymous_0)
FNF:1
FNH:1
FNDA:1,(anonymous_0)
DA:1,1
DA:2,1
DA:3,1
DA:4,1
DA:5,1
LF:5
LH:5
BRDA:1,0,0,1
BRDA:1,0,1,1
BRF:2
BRH:2
end_of_record
TN:
SF:src\enums\UserRole.ts
FN:1,(anonymous_0)
FNF:1
FNH:1
FNDA:1,(anonymous_0)
DA:1,1
DA:2,1
DA:3,1
LF:3
LH:3
BRDA:1,0,0,1
BRDA:1,0,1,1
BRF:2
BRH:2
end_of_record
TN:
SF:src\routes\books-routes.ts
FNF:0
FNH:0
DA:1,1
DA:2,1
DA:3,1
DA:5,1
DA:7,1
DA:8,1
DA:9,1
DA:11,1
LF:8
LH:8
BRF:0
BRH:0
end_of_record
TN:
SF:src\routes\userRoutes.ts
FNF:0
FNH:0
DA:1,1
DA:2,1
DA:4,1
DA:6,1
DA:7,1
DA:9,1
LF:6
LH:6
BRF:0
BRH:0
end_of_record
TN:
SF:src\routes\middlewares\validateBook.ts
FN:3,(anonymous_0)
FNF:1
FNH:0
FNDA:0,(anonymous_0)
DA:3,1
DA:4,0
DA:7,0
DA:8,0
DA:12,0
DA:13,0
DA:17,0
DA:18,0
DA:22,0
DA:23,0
DA:27,0
DA:28,0
DA:32,0
DA:33,0
DA:37,0
DA:38,0
DA:42,0
DA:43,0
DA:46,0
LF:19
LH:1
BRDA:7,0,0,0
BRDA:7,0,1,0
BRDA:7,1,0,0
BRDA:7,1,1,0
BRDA:7,1,2,0
BRDA:12,2,0,0
BRDA:12,2,1,0
BRDA:12,3,0,0
BRDA:12,3,1,0
BRDA:12,3,2,0
BRDA:17,4,0,0
BRDA:17,4,1,0
BRDA:17,5,0,0
BRDA:17,5,1,0
BRDA:17,5,2,0
BRDA:22,6,0,0
BRDA:22,6,1,0
BRDA:22,7,0,0
BRDA:22,7,1,0
BRDA:22,7,2,0
BRDA:27,8,0,0
BRDA:27,8,1,0
BRDA:27,9,0,0
BRDA:27,9,1,0
BRDA:32,10,0,0
BRDA:32,10,1,0
BRDA:32,11,0,0
BRDA:32,11,1,0
BRDA:32,11,2,0
BRDA:37,12,0,0
BRDA:37,12,1,0
BRDA:37,13,0,0
BRDA:37,13,1,0
BRDA:42,14,0,0
BRDA:42,14,1,0
BRDA:42,15,0,0
BRDA:42,15,1,0
BRDA:42,15,2,0
BRF:38
BRH:0
end_of_record
TN:
SF:src\routes\middlewares\validateUser.ts
FN:4,(anonymous_0)
FN:70,(anonymous_1)
FNF:2
FNH:2
FNDA:5,(anonymous_0)
FNDA:7,(anonymous_1)
DA:2,1
DA:4,1
DA:5,5
DA:18,5
DA:21,5
DA:22,5
DA:23,5
DA:24,0
DA:29,5
DA:30,0
DA:36,5
DA:37,0
DA:41,5
DA:42,5
DA:43,0
DA:46,5
DA:47,1
DA:48,1
DA:49,0
DA:55,5
DA:56,0
DA:57,5
DA:58,0
DA:59,5
DA:60,0
DA:63,5
DA:64,0
DA:67,5
DA:70,1
DA:71,7
DA:73,7
DA:76,7
DA:77,0
DA:79,7
DA:80,7
DA:81,1
DA:86,7
DA:87,0
DA:90,7
LF:39
LH:28
BRDA:21,0,0,5
BRDA:21,0,1,0
BRDA:23,1,0,0
BRDA:23,1,1,5
BRDA:29,2,0,0
BRDA:29,2,1,5
BRDA:29,3,0,5
BRDA:29,3,1,5
BRDA:36,4,0,0
BRDA:36,4,1,5
BRDA:36,5,0,5
BRDA:36,5,1,5
BRDA:36,5,2,5
BRDA:41,6,0,0
BRDA:41,6,1,5
BRDA:41,7,0,5
BRDA:41,7,1,5
BRDA:42,8,0,0
BRDA:42,8,1,5
BRDA:42,9,0,5
BRDA:42,9,1,5
BRDA:46,10,0,1
BRDA:46,10,1,4
BRDA:48,11,0,0
BRDA:48,11,1,1
BRDA:55,12,0,0
BRDA:55,12,1,5
BRDA:55,13,0,5
BRDA:55,13,1,1
BRDA:57,14,0,0
BRDA:57,14,1,5
BRDA:57,15,0,5
BRDA:57,15,1,1
BRDA:59,16,0,0
BRDA:59,16,1,5
BRDA:59,17,0,5
BRDA:59,17,1,1
BRDA:63,18,0,0
BRDA:63,18,1,5
BRDA:63,19,0,5
BRDA:63,19,1,0
BRDA:76,20,0,0
BRDA:76,20,1,7
BRDA:76,21,0,7
BRDA:76,21,1,7
BRDA:80,22,0,1
BRDA:80,22,1,6
BRDA:86,23,0,0
BRDA:86,23,1,7
BRDA:86,24,0,7
BRDA:86,24,1,7
BRF:51
BRH:37
end_of_record
TN:
SF:src\services\books-services.ts
FN:5,(anonymous_0)
FN:23,(anonymous_1)
FN:42,(anonymous_2)
FNF:3
FNH:0
FNDA:0,(anonymous_0)
FNDA:0,(anonymous_1)
FNDA:0,(anonymous_2)
DA:1,1
DA:2,1
DA:5,1
DA:6,0
DA:7,0
DA:9,0
DA:12,0
DA:13,0
DA:14,0
DA:20,0
DA:23,0
DA:35,0
DA:37,0
DA:38,0
DA:42,1
DA:43,0
DA:45,0
DA:47,0
DA:51,0
DA:52,0
DA:55,0
DA:57,0
DA:59,0
DA:71,0
DA:73,0
DA:75,0
DA:76,0
DA:79,0
LF:28
LH:4
BRDA:12,0,0,0
BRDA:12,0,1,0
BRDA:29,1,0,0
BRDA:29,1,1,0
BRDA:51,2,0,0
BRDA:51,2,1,0
BRDA:65,3,0,0
BRDA:65,3,1,0
BRDA:75,4,0,0
BRDA:75,4,1,0
BRDA:75,5,0,0
BRDA:75,5,1,0
BRF:12
BRH:0
end_of_record
TN:
SF:src\services\genres-services.ts
FN:5,(anonymous_0)
FNF:1
FNH:0
FNDA:0,(anonymous_0)
DA:1,1
DA:2,1
DA:5,1
DA:6,0
DA:7,0
DA:8,0
DA:9,0
DA:11,0
DA:12,0
LF:9
LH:3
BRF:0
BRH:0
end_of_record
TN:
SF:src\services\userServices.ts
FN:8,(anonymous_1)
FN:18,(anonymous_2)
FN:58,(anonymous_3)
FNF:3
FNH:3
FNDA:6,(anonymous_1)
FNDA:30,(anonymous_2)
FNDA:7,(anonymous_3)
DA:2,1
DA:3,1
DA:4,1
DA:5,1
DA:6,1
DA:8,1
DA:10,6
DA:17,6
DA:18,30
DA:21,6
DA:22,1
DA:28,5
DA:29,5
DA:30,0
DA:34,5
DA:35,5
DA:36,5
DA:39,4
DA:40,4
DA:52,4
DA:54,4
DA:55,4
DA:58,1
DA:60,7
DA:61,7
DA:62,1
DA:66,6
DA:67,6
DA:68,6
DA:71,6
DA:72,6
DA:75,4
DA:76,4
LF:33
LH:32
BRDA:18,0,0,30
BRDA:18,0,1,28
BRDA:18,0,2,28
BRDA:21,1,0,1
BRDA:21,1,1,5
BRDA:29,2,0,0
BRDA:29,2,1,5
BRDA:36,3,0,1
BRDA:36,3,1,4
BRDA:45,4,0,4
BRDA:45,4,1,3
BRDA:46,5,0,4
BRDA:46,5,1,3
BRDA:47,6,0,4
BRDA:47,6,1,3
BRDA:48,7,0,4
BRDA:48,7,1,3
BRDA:49,8,0,4
BRDA:49,8,1,4
BRDA:61,9,0,1
BRDA:61,9,1,6
BRDA:68,10,0,0
BRDA:68,10,1,6
BRDA:72,11,0,2
BRDA:72,11,1,4
BRF:25
BRH:23
end_of_record
